   r.squared uncharted cutoff singles bonus
1  0.5178982       101     10       0     0
2  0.5178982       101     10       0     1
3  0.7522189       101     10       1     0
4  0.7522189       101     10       1     1
5  0.6785020       101     16       0     0
6  0.4308073       101     16       0     1
7  0.4885330       101     16       1     0
8  0.4815592       101     16       1     1
9  0.8336071       101     20       0     0
10 0.4978379       101     20       0     1
11 0.7244604       101     20       1     0
12 0.5794651       101     20       1     1
13 0.2656642       101   1000       0     0
14 0.2740597       101   1000       0     1
15 0.2879239       101   1000       1     0
16 0.3502800       101   1000       1     1
17 0.4414697       120     10       0     0
18 0.4414697       120     10       0     1
19 0.7313256       120     10       1     0
20 0.7313256       120     10       1     1
21 0.5688004       120     16       0     0
22 0.3753471       120     16       0     1
23 0.4463255       120     16       1     0
24 0.4587454       120     16       1     1
25 0.7655746       120     20       0     0
26 0.4838374       120     20       0     1
27 0.7003686       120     20       1     0
28 0.5823526       120     20       1     1
29 0.2248508       120   1000       0     0
30 0.2252830       120   1000       0     1
31 0.2483400       120   1000       1     0
32 0.3061174       120   1000       1     1
33 0.3605702       150     10       0     0
34 0.3605702       150     10       0     1
35 0.7024035       150     10       1     0
36 0.7024035       150     10       1     1
37 0.4305838       150     16       0     0
38 0.3153423       150     16       0     1
39 0.3958954       150     16       1     0
40 0.4303552       150     16       1     1
41 0.6692412       150     20       0     0
42 0.4581268       150     20       0     1
43 0.6605850       150     20       1     0
44 0.5790669       150     20       1     1
45 0.1811757       150   1000       0     0
46 0.1774607       150   1000       0     1
47 0.2018246       150   1000       1     0
48 0.2500779       150   1000       1     1
49 0.2839838       200     10       0     0
50 0.2839838       200     10       0     1
51 0.6649058       200     10       1     0
52 0.6649058       200     10       1     1
53 0.2884857       200     16       0     0
54 0.2567901       200     16       0     1
55 0.3400645       200     16       1     0
56 0.3972223       200     16       1     1
57 0.5642725       200     20       0     0
58 0.4242154       200     20       0     1
59 0.6085823       200     20       1     0
60 0.5679204       200     20       1     1
61 0.1424460       200   1000       0     0
62 0.1371311       200   1000       0     1
63 0.1554782       200   1000       1     0
64 0.1904277       200   1000       1     1

***Optimized Model***

Modelling data, 135 items. 
	Uncharted song constant: 101 
	Track position cutoff: 20 
	Excluding singles 
	Excluding bonus tracks 

Call:
lm(formula = mean ~ album_pos, data = tracks)

Residuals:
     Min       1Q   Median       3Q      Max 
-10.9399  -7.5229   0.1412   4.1100  15.4891 

Coefficients:
            Estimate Std. Error t value Pr(>|t|)    
(Intercept)  37.3965     3.7484   9.977 9.26e-09 ***
album_pos     2.9715     0.3129   9.496 1.97e-08 ***
---
Signif. codes:  0 ‘***’ 0.001 ‘**’ 0.01 ‘*’ 0.05 ‘.’ 0.1 ‘ ’ 1

Residual standard error: 8.069 on 18 degrees of freedom
Multiple R-squared:  0.8336,	Adjusted R-squared:  0.8244 
F-statistic: 90.18 on 1 and 18 DF,  p-value: 1.967e-08

   r.squared uncharted cutoff singles bonus
1  0.9065999       101     10       0     0
2  0.9065999       101     10       0     1
3  0.8870384       101     10       1     0
4  0.8870384       101     10       1     1
5  0.9536396       101     16       0     0
6  0.9069426       101     16       0     1
7  0.7730237       101     16       1     0
8  0.7858400       101     16       1     1
9  0.9605726       101     20       0     0
10 0.9423619       101     20       0     1
11 0.8677067       101     20       1     0
12 0.8841057       101     20       1     1
13 0.4127732       101   1000       0     0
14 0.4454680       101   1000       0     1
15 0.3738067       101   1000       1     0
16 0.4278727       101   1000       1     1
17 0.9065999       120     10       0     0
18 0.9065999       120     10       0     1
19 0.8870384       120     10       1     0
20 0.8870384       120     10       1     1
21 0.9536396       120     16       0     0
22 0.9069426       120     16       0     1
23 0.7730237       120     16       1     0
24 0.7858400       120     16       1     1
25 0.9605726       120     20       0     0
26 0.9423619       120     20       0     1
27 0.8677067       120     20       1     0
28 0.8841057       120     20       1     1
29 0.4127732       120   1000       0     0
30 0.4454680       120   1000       0     1
31 0.3738067       120   1000       1     0
32 0.4278727       120   1000       1     1
33 0.9065999       150     10       0     0
34 0.9065999       150     10       0     1
35 0.8870384       150     10       1     0
36 0.8870384       150     10       1     1
37 0.9536396       150     16       0     0
38 0.9069426       150     16       0     1
39 0.7730237       150     16       1     0
40 0.7858400       150     16       1     1
41 0.9605726       150     20       0     0
42 0.9423619       150     20       0     1
43 0.8677067       150     20       1     0
44 0.8841057       150     20       1     1
45 0.4127732       150   1000       0     0
46 0.4454680       150   1000       0     1
47 0.3738067       150   1000       1     0
48 0.4278727       150   1000       1     1
49 0.9065999       200     10       0     0
50 0.9065999       200     10       0     1
51 0.8870384       200     10       1     0
52 0.8870384       200     10       1     1
53 0.9536396       200     16       0     0
54 0.9069426       200     16       0     1
55 0.7730237       200     16       1     0
56 0.7858400       200     16       1     1
57 0.9605726       200     20       0     0
58 0.9423619       200     20       0     1
59 0.8677067       200     20       1     0
60 0.8841057       200     20       1     1
61 0.4127732       200   1000       0     0
62 0.4454680       200   1000       0     1
63 0.3738067       200   1000       1     0
64 0.4278727       200   1000       1     1

***Optimized Model***

Modelling ranked data, 135 items. 
	Uncharted song constant: 101 
	Track position cutoff: 20 
	Excluding singles 
	Excluding bonus tracks 

Call:
lm(formula = mean ~ album_pos, data = tracks)

Residuals:
     Min       1Q   Median       3Q      Max 
-2.10461 -0.75531  0.03635  0.44382  2.80543 

Coefficients:
            Estimate Std. Error t value Pr(>|t|)    
(Intercept)  3.37270    0.53657   6.286 6.31e-06 ***
album_pos    0.93799    0.04479  20.941 4.35e-14 ***
---
Signif. codes:  0 ‘***’ 0.001 ‘**’ 0.01 ‘*’ 0.05 ‘.’ 0.1 ‘ ’ 1

Residual standard error: 1.155 on 18 degrees of freedom
Multiple R-squared:  0.9606,	Adjusted R-squared:  0.9584 
F-statistic: 438.5 on 1 and 18 DF,  p-value: 4.348e-14

